Determining if the pthread_create exist failed with the following output:
Change Dir: /home/cc/ee106a/fa19/class/ee106a-agi/ros_workspaces/lab8/build/CMakeFiles/CMakeTmp

Run Build Command:"/usr/bin/make" "cmTC_a864e/fast"
/usr/bin/make -f CMakeFiles/cmTC_a864e.dir/build.make CMakeFiles/cmTC_a864e.dir/build
make[1]: Entering directory '/home/cc/ee106a/fa19/class/ee106a-agi/ros_workspaces/lab8/build/CMakeFiles/CMakeTmp'
Building C object CMakeFiles/cmTC_a864e.dir/CheckSymbolExists.c.o
/usr/bin/cc     -o CMakeFiles/cmTC_a864e.dir/CheckSymbolExists.c.o   -c /home/cc/ee106a/fa19/class/ee106a-agi/ros_workspaces/lab8/build/CMakeFiles/CMakeTmp/CheckSymbolExists.c
Linking C executable cmTC_a864e
/usr/bin/cmake -E cmake_link_script CMakeFiles/cmTC_a864e.dir/link.txt --verbose=1
/usr/bin/cc       CMakeFiles/cmTC_a864e.dir/CheckSymbolExists.c.o  -o cmTC_a864e -rdynamic 
CMakeFiles/cmTC_a864e.dir/CheckSymbolExists.c.o: In function `main':
CheckSymbolExists.c:(.text+0x16): undefined reference to `pthread_create'
collect2: error: ld returned 1 exit status
CMakeFiles/cmTC_a864e.dir/build.make:97: recipe for target 'cmTC_a864e' failed
make[1]: *** [cmTC_a864e] Error 1
make[1]: Leaving directory '/home/cc/ee106a/fa19/class/ee106a-agi/ros_workspaces/lab8/build/CMakeFiles/CMakeTmp'
Makefile:126: recipe for target 'cmTC_a864e/fast' failed
make: *** [cmTC_a864e/fast] Error 2

File /home/cc/ee106a/fa19/class/ee106a-agi/ros_workspaces/lab8/build/CMakeFiles/CMakeTmp/CheckSymbolExists.c:
/* */
#include <pthread.h>

int main(int argc, char** argv)
{
  (void)argv;
#ifndef pthread_create
  return ((int*)(&pthread_create))[argc];
#else
  (void)argc;
  return 0;
#endif
}

Determining if the function pthread_create exists in the pthreads failed with the following output:
Change Dir: /home/cc/ee106a/fa19/class/ee106a-agi/ros_workspaces/lab8/build/CMakeFiles/CMakeTmp

Run Build Command:"/usr/bin/make" "cmTC_ed9ff/fast"
/usr/bin/make -f CMakeFiles/cmTC_ed9ff.dir/build.make CMakeFiles/cmTC_ed9ff.dir/build
make[1]: Entering directory '/home/cc/ee106a/fa19/class/ee106a-agi/ros_workspaces/lab8/build/CMakeFiles/CMakeTmp'
Building C object CMakeFiles/cmTC_ed9ff.dir/CheckFunctionExists.c.o
/usr/bin/cc    -DCHECK_FUNCTION_EXISTS=pthread_create   -o CMakeFiles/cmTC_ed9ff.dir/CheckFunctionExists.c.o   -c /usr/share/cmake-3.5/Modules/CheckFunctionExists.c
Linking C executable cmTC_ed9ff
/usr/bin/cmake -E cmake_link_script CMakeFiles/cmTC_ed9ff.dir/link.txt --verbose=1
/usr/bin/cc   -DCHECK_FUNCTION_EXISTS=pthread_create    CMakeFiles/cmTC_ed9ff.dir/CheckFunctionExists.c.o  -o cmTC_ed9ff -rdynamic -lpthreads 
/usr/bin/ld: cannot find -lpthreads
collect2: error: ld returned 1 exit status
CMakeFiles/cmTC_ed9ff.dir/build.make:97: recipe for target 'cmTC_ed9ff' failed
make[1]: *** [cmTC_ed9ff] Error 1
make[1]: Leaving directory '/home/cc/ee106a/fa19/class/ee106a-agi/ros_workspaces/lab8/build/CMakeFiles/CMakeTmp'
Makefile:126: recipe for target 'cmTC_ed9ff/fast' failed
make: *** [cmTC_ed9ff/fast] Error 2


